{
  "stats": {
    "suites": 1,
    "tests": 1,
    "passes": 1,
    "pending": 0,
    "failures": 0,
    "start": "2021-04-05T00:29:21.098Z",
    "end": "2021-04-05T00:29:35.736Z",
    "duration": 14638,
    "testsRegistered": 1,
    "passPercent": 100,
    "pendingPercent": 0,
    "other": 0,
    "hasOther": false,
    "skipped": 0,
    "hasSkipped": false
  },
  "results": [
    {
      "uuid": "05b90839-8a79-4d1e-8fac-41f27567a756",
      "title": "",
      "fullFile": "cypress/integration/cadastroLogin.spec.js",
      "file": "cypress/integration/cadastroLogin.spec.js",
      "beforeHooks": [],
      "afterHooks": [],
      "tests": [],
      "suites": [
        {
          "uuid": "96ed696b-2f66-4068-9fc0-52c78ab545cc",
          "title": "Cadastrar Login",
          "fullFile": "",
          "file": "",
          "beforeHooks": [],
          "afterHooks": [],
          "tests": [
            {
              "title": "Cadastrar Login com Sucesso",
              "fullTitle": "Cadastrar Login Cadastrar Login com Sucesso",
              "timedOut": null,
              "duration": 14549,
              "state": "passed",
              "speed": "slow",
              "pass": true,
              "fail": false,
              "pending": false,
              "context": null,
              "code": "cy.visit('index.php'); //- Clicar no botão de Sign in\ncy.contains('Sign in').click(); //- Preencher as informações de e-mail (não pode ser repetido)\ncy.get('input#email_create').type(chance.email()); //- Clicar no botão Create an Account\ncy.get('button#SubmitCreate').click(); //- Preencher as informações do formulário de cadastro\ncy.get(\"#id_gender\".concat(chance.integer({\n  min: 1,\n  max: 2\n}))).check();\ncy.get('input#customer_firstname').type(chance.first());\ncy.get('input#customer_lastname').type(chance.last());\ncy.get('input[type=password]').type(chance.word({\n  length: 5\n}));\ncy.get('#days').select(chance.integer({\n  min: 1,\n  max: 28\n}).toString());\ncy.get('#months').select(chance.month());\ncy.get('#years').select(chance.year({\n  min: 1899,\n  max: 2020\n}));\ncy.get('input#newsletter').check();\ncy.get('input#optin').check();\ncy.get('input#company').type(chance.company());\ncy.get('input#address1 ').type(chance.street());\ncy.get('input#address2 ').type(chance.address());\ncy.get('input#city').type(chance.city());\ncy.get('select#id_state').select(chance.state({\n  full: true,\n  country: 'us'\n}), {\n  force: true\n});\ncy.get('input#postcode').type(chance.zip());\ncy.get('textarea#other').type(chance.word());\ncy.get('input#phone').type(chance.phone());\ncy.get('input#phone_mobile').type(chance.phone());\ncy.get('input#alias').clear();\ncy.get('input#alias').type(myAddress); //- Clicar no botão Register\ncy.contains('Register').click(); //- Validar que foi redirecionado para a url correta\ncy.url().should('eq', urlMyAccount); //- Validar exibição do texto 'Welcome to your account'\ncy.get('p.info-account').should('contain.text', welcome);",
              "err": {},
              "uuid": "89b2529a-dc5b-43b2-a795-0559c31fbd14",
              "parentUUID": "96ed696b-2f66-4068-9fc0-52c78ab545cc",
              "isHook": false,
              "skipped": false
            }
          ],
          "suites": [],
          "passes": [
            "89b2529a-dc5b-43b2-a795-0559c31fbd14"
          ],
          "failures": [],
          "pending": [],
          "skipped": [],
          "duration": 14549,
          "root": false,
          "rootEmpty": false,
          "_timeout": 2000
        }
      ],
      "passes": [],
      "failures": [],
      "pending": [],
      "skipped": [],
      "duration": 0,
      "root": true,
      "rootEmpty": true,
      "_timeout": 2000
    }
  ],
  "meta": {
    "mocha": {
      "version": "7.0.1"
    },
    "mochawesome": {
      "options": {
        "quiet": true,
        "reportFilename": "mochawesome",
        "saveHtml": false,
        "saveJson": true,
        "consoleReporter": "spec",
        "useInlineDiffs": false,
        "code": true
      },
      "version": "6.2.2"
    },
    "marge": {
      "options": {
        "id": "default",
        "reportDir": "mochawesome-report",
        "quiet": true,
        "overwrite": false,
        "html": false,
        "json": true
      },
      "version": "5.2.0"
    }
  }
}